<?xml version="1.0" encoding="UTF-8"?>
<testng-results skipped="0" failed="1" total="1" passed="0">
  <reporter-output>
  </reporter-output>
  <suite name="appiumautotest" duration-ms="28980" started-at="2016-12-27T01:48:11Z" finished-at="2016-12-27T01:48:40Z">
    <groups>
    </groups>
    <test name="搜索" duration-ms="28980" started-at="2016-12-27T01:48:11Z" finished-at="2016-12-27T01:48:40Z">
      <class name="com.hjianhui.appiumautotest.testcases.search.SearchPage_001_SearchDemo_Test">
        <test-method status="PASS" signature="initTest(org.testng.ITestContext)[pri:0, instance:com.hjianhui.appiumautotest.testcases.search.SearchPage_001_SearchDemo_Test@86be70a]" name="initTest" is-config="true" duration-ms="15748" started-at="2016-12-27T09:48:11Z" finished-at="2016-12-27T09:48:27Z">
          <params>
            <param index="0">
              <value>
                <![CDATA[org.testng.TestRunner@569cfc36]]>
              </value>
            </param>
          </params>
          <reporter-output>
          </reporter-output>
        </test-method> <!-- initTest -->
        <test-method status="FAIL" signature="searchDemo1(java.util.Map)[pri:0, instance:com.hjianhui.appiumautotest.testcases.search.SearchPage_001_SearchDemo_Test@86be70a]" name="searchDemo1" duration-ms="9975" started-at="2016-12-27T09:48:27Z" data-provider="testData" finished-at="2016-12-27T09:48:37Z">
          <params>
            <param index="0">
              <value>
                <![CDATA[{KEYWORD=Java}]]>
              </value>
            </param>
          </params>
          <exception class="java.lang.AssertionError">
            <message>
              <![CDATA[没有这个context:WEBVIEW_com.microsoft.bing]]>
            </message>
            <full-stacktrace>
              <![CDATA[java.lang.AssertionError: 没有这个context:WEBVIEW_com.microsoft.bing
	at org.testng.Assert.fail(Assert.java:83)
	at com.hjianhui.appiumautotest.utils.AppiumUtil.switchWebview(AppiumUtil.java:394)
	at com.hjianhui.appiumautotest.pageshelper.SearchWebviewPageHelper.enterWebview(SearchWebviewPageHelper.java:19)
	at com.hjianhui.appiumautotest.testcases.search.SearchPage_001_SearchDemo_Test.searchDemo1(SearchPage_001_SearchDemo_Test.java:35)
	at sun.reflect.NativeMethodAccessorImpl.invoke0(Native Method)
	at sun.reflect.NativeMethodAccessorImpl.invoke(Unknown Source)
	at sun.reflect.DelegatingMethodAccessorImpl.invoke(Unknown Source)
	at java.lang.reflect.Method.invoke(Unknown Source)
	at org.testng.internal.MethodInvocationHelper.invokeMethod(MethodInvocationHelper.java:86)
	at org.testng.internal.Invoker.invokeMethod(Invoker.java:643)
	at org.testng.internal.Invoker.invokeTestMethod(Invoker.java:820)
	at org.testng.internal.Invoker.invokeTestMethods(Invoker.java:1128)
	at org.testng.internal.TestMethodWorker.invokeTestMethods(TestMethodWorker.java:129)
	at org.testng.internal.TestMethodWorker.run(TestMethodWorker.java:112)
	at org.testng.TestRunner.privateRun(TestRunner.java:782)
	at org.testng.TestRunner.run(TestRunner.java:632)
	at org.testng.SuiteRunner.runTest(SuiteRunner.java:366)
	at org.testng.SuiteRunner.access$000(SuiteRunner.java:39)
	at org.testng.SuiteRunner$SuiteWorker.run(SuiteRunner.java:400)
	at org.testng.internal.thread.ThreadUtil$2.call(ThreadUtil.java:64)
	at java.util.concurrent.FutureTask.run(Unknown Source)
	at java.util.concurrent.ThreadPoolExecutor.runWorker(Unknown Source)
	at java.util.concurrent.ThreadPoolExecutor$Worker.run(Unknown Source)
	at java.lang.Thread.run(Unknown Source)
Caused by: io.appium.java_client.NoSuchContextException: No such context found. (WARNING: The server did not provide any stacktrace information)
Command duration or timeout: 101 milliseconds
Build info: version: '2.52.0', revision: '4c2593cfc3689a7fcd7be52549167e5ccc93ad28', time: '2016-02-11 11:22:43'
System info: host: 'SKY-20161021EAO', ip: '192.168.56.1', os.name: 'Windows 7', os.arch: 'amd64', os.version: '6.1', java.version: '1.8.0_101'
Driver info: io.appium.java_client.android.AndroidDriver
Capabilities [{app=G:\eclipseworkspace\AppiumDataDriven\res\app\android\bing.apk, appPackage=com.microsoft.bing, networkConnectionEnabled=true, noReset=true, warnings={}, databaseEnabled=false, deviceName=17d6d0eb, platform=LINUX, appActivity=com.microsoft.clients.bing.app.MainActivity, desired={app=G:\eclipseworkspace\AppiumDataDriven\res\app\android\bing.apk, appPackage=com.microsoft.bing, appActivity=com.microsoft.clients.bing.app.MainActivity, noReset=true, platformVersion=4.4.4, automationName=Appium, sessionOverride=true, unicodeKeyboard=true, platformName=Android, deviceName=appium-test-avd, resetKeyboard=true}, platformVersion=5.0.1, webStorageEnabled=false, locationContextEnabled=false, automationName=Appium, browserName=Android, takesScreenshot=true, javascriptEnabled=true, sessionOverride=true, unicodeKeyboard=true, platformName=Android, resetKeyboard=true}]
Session ID: cf5cf75c-4685-4d53-b557-7d5b37232e14
	at sun.reflect.NativeConstructorAccessorImpl.newInstance0(Native Method)
	at sun.reflect.NativeConstructorAccessorImpl.newInstance(Unknown Source)
	at sun.reflect.DelegatingConstructorAccessorImpl.newInstance(Unknown Source)
	at java.lang.reflect.Constructor.newInstance(Unknown Source)
	at org.openqa.selenium.remote.ErrorHandler.createThrowable(ErrorHandler.java:206)
	at org.openqa.selenium.remote.ErrorHandler.throwIfResponseFailed(ErrorHandler.java:158)
	at org.openqa.selenium.remote.RemoteWebDriver.execute(RemoteWebDriver.java:678)
	at io.appium.java_client.DefaultGenericMobileDriver.execute(DefaultGenericMobileDriver.java:43)
	at io.appium.java_client.AppiumDriver.execute(AppiumDriver.java:1)
	at io.appium.java_client.android.AndroidDriver.execute(AndroidDriver.java:1)
	at io.appium.java_client.AppiumDriver.context(AppiumDriver.java:545)
	at com.hjianhui.appiumautotest.utils.AppiumUtil.switchWebview(AppiumUtil.java:391)
	... 22 more
]]>
            </full-stacktrace>
          </exception> <!-- java.lang.AssertionError -->
          <reporter-output>
          </reporter-output>
        </test-method> <!-- searchDemo1 -->
        <test-method status="PASS" signature="cleanTest()[pri:0, instance:com.hjianhui.appiumautotest.testcases.search.SearchPage_001_SearchDemo_Test@86be70a]" name="cleanTest" is-config="true" duration-ms="1647" started-at="2016-12-27T09:48:38Z" finished-at="2016-12-27T09:48:40Z">
          <reporter-output>
          </reporter-output>
        </test-method> <!-- cleanTest -->
      </class> <!-- com.hjianhui.appiumautotest.testcases.search.SearchPage_001_SearchDemo_Test -->
    </test> <!-- 搜索 -->
  </suite> <!-- appiumautotest -->
</testng-results>
